Logged  /login  GET -- Mon May 30 2022 11:47:04 GMT+0530 (India Standard Time)
Logged  /login  GET -- Mon May 30 2022 11:47:13 GMT+0530 (India Standard Time)
Logged  /uploadpictures  POST -- Wed Jun 01 2022 18:24:53 GMT+0530 (India Standard Time)
Logged  /uploadpictures  POST -- Wed Jun 01 2022 18:26:07 GMT+0530 (India Standard Time)
Logged  /uploadpictures  POST -- Wed Jun 01 2022 18:30:04 GMT+0530 (India Standard Time)
Logged  /signup  POST -- Thu Jun 02 2022 11:22:48 GMT+0530 (India Standard Time)
Logged  /signup  POST -- Thu Jun 02 2022 11:24:46 GMT+0530 (India Standard Time)
Logged  /signup  POST -- Thu Jun 02 2022 11:25:11 GMT+0530 (India Standard Time)
Logged  /signup  POST -- Thu Jun 02 2022 11:29:49 GMT+0530 (India Standard Time)
Logged  /signup  POST -- Thu Jun 02 2022 11:59:43 GMT+0530 (India Standard Time)
Logged  /signup  POST -- Thu Jun 02 2022 11:59:54 GMT+0530 (India Standard Time)
Logged  /signup  POST -- Thu Jun 02 2022 12:00:42 GMT+0530 (India Standard Time)
Logged  /uploadpictures  POST -- Thu Jun 02 2022 12:05:59 GMT+0530 (India Standard Time)
Logged  /uploadpictures  POST -- Thu Jun 02 2022 12:06:33 GMT+0530 (India Standard Time)
Logged  /uploadpictures  POST -- Thu Jun 02 2022 12:10:13 GMT+0530 (India Standard Time)
Logged  /uploadpictures  POST -- Thu Jun 02 2022 12:11:09 GMT+0530 (India Standard Time)
Logged  /uploadpictures  POST -- Thu Jun 02 2022 12:14:05 GMT+0530 (India Standard Time)
Logged  /uploadpictures  POST -- Thu Jun 02 2022 12:15:40 GMT+0530 (India Standard Time)
Logged  /signup  POST -- Thu Jun 02 2022 12:36:09 GMT+0530 (India Standard Time)
Logged  /signup  POST -- Thu Jun 02 2022 12:38:26 GMT+0530 (India Standard Time)
Logged  /signup  POST -- Thu Jun 02 2022 12:38:51 GMT+0530 (India Standard Time)
Logged  /signup  POST -- Thu Jun 02 2022 12:47:40 GMT+0530 (India Standard Time)
Logged  /signup  POST -- Thu Jun 02 2022 12:50:03 GMT+0530 (India Standard Time)
Logged  /login  GET -- Thu Jun 02 2022 13:18:00 GMT+0530 (India Standard Time)
Logged  /login  GET -- Thu Jun 02 2022 13:18:11 GMT+0530 (India Standard Time)
Logged  /login  GET -- Thu Jun 02 2022 13:23:12 GMT+0530 (India Standard Time)
Logged  /login  GET -- Thu Jun 02 2022 13:26:52 GMT+0530 (India Standard Time)
Logged  /login  GET -- Thu Jun 02 2022 13:28:48 GMT+0530 (India Standard Time)
Logged  /login  GET -- Thu Jun 02 2022 13:34:20 GMT+0530 (India Standard Time)
Logged  /login  GET -- Thu Jun 02 2022 13:34:53 GMT+0530 (India Standard Time)
Logged  /login  GET -- Thu Jun 02 2022 13:36:03 GMT+0530 (India Standard Time)
Logged  /login  GET -- Thu Jun 02 2022 16:00:55 GMT+0530 (India Standard Time)
Logged  /login  GET -- Thu Jun 02 2022 16:01:48 GMT+0530 (India Standard Time)
Logged  /login  GET -- Thu Jun 02 2022 16:02:42 GMT+0530 (India Standard Time)
Logged  /login  GET -- Thu Jun 02 2022 16:12:18 GMT+0530 (India Standard Time)
Logged  /login/?email=reenunehra12321@gmail.com  GET -- Thu Jun 02 2022 16:20:11 GMT+0530 (India Standard Time)
Logged  /login/?email=reenunehra11@gmail.com  GET -- Thu Jun 02 2022 16:20:56 GMT+0530 (India Standard Time)
Logged  /login/?email=reenunehra11@gmail.com  GET -- Thu Jun 02 2022 16:21:26 GMT+0530 (India Standard Time)
Logged  /login/?email=reenunehra11@gmail.com  GET -- Thu Jun 02 2022 16:22:22 GMT+0530 (India Standard Time)
Logged  /login/?email=naina123@gmail.com  GET -- Thu Jun 02 2022 16:31:39 GMT+0530 (India Standard Time)
Logged  /login/?email=naina123@gmail.com&password=xyz  GET -- Thu Jun 02 2022 16:54:30 GMT+0530 (India Standard Time)
Logged  /login/?email=naina123@gmail.com&password=xyz  GET -- Thu Jun 02 2022 16:56:48 GMT+0530 (India Standard Time)
Logged  /signup  POST -- Thu Jun 02 2022 16:57:48 GMT+0530 (India Standard Time)
Logged  /login/?email=riyaan12345@gmail.com&password=pull  GET -- Thu Jun 02 2022 16:58:34 GMT+0530 (India Standard Time)
Logged  /login  GET -- Thu Jun 02 2022 18:49:14 GMT+0530 (India Standard Time)
Logged  /login  GET -- Thu Jun 02 2022 18:49:33 GMT+0530 (India Standard Time)
Logged  /login  GET -- Thu Jun 02 2022 18:49:33 GMT+0530 (India Standard Time)
Logged  /login  GET -- Thu Jun 02 2022 18:54:33 GMT+0530 (India Standard Time)
Logged  /login  GET -- Thu Jun 02 2022 18:55:03 GMT+0530 (India Standard Time)
Logged  /login  GET -- Thu Jun 02 2022 18:56:10 GMT+0530 (India Standard Time)
Logged  /login  GET -- Thu Jun 02 2022 18:58:12 GMT+0530 (India Standard Time)
Logged  /login  GET -- Thu Jun 02 2022 18:59:47 GMT+0530 (India Standard Time)
Logged  /login?email=nehra00@gmail.com&password=dvdvsdfv  GET -- Thu Jun 02 2022 19:21:10 GMT+0530 (India Standard Time)
Logged  /login?email=riyaan12345@gmail.com&password=pull  GET -- Thu Jun 02 2022 19:23:55 GMT+0530 (India Standard Time)
Logged  /login?email=riyaan12345@gmail.com&password=pull  GET -- Thu Jun 02 2022 19:24:07 GMT+0530 (India Standard Time)
Logged  /login?email=riyaan12345@gmail.com&password=pull  GET -- Thu Jun 02 2022 19:24:26 GMT+0530 (India Standard Time)
Logged  /uploadpictures  POST -- Thu Jun 02 2022 19:43:49 GMT+0530 (India Standard Time)
Logged  /signup  POST -- Thu Jun 02 2022 19:46:00 GMT+0530 (India Standard Time)
